# JRE version: Java(TM) SE Runtime Environment (21.0.6+8) (build 21.0.6+8-LTS-188)
# Java VM: Java HotSpot(TM) 64-Bit Server VM (21.0.6+8-LTS-188, mixed mode, sharing, tiered, compressed oops, compressed class ptrs, g1 gc, windows-amd64)
GC Precious Log:
 CardTable entry size: 512
 Card Set container configuration: InlinePtr #cards 4 size 8 Array Of Cards #cards 16 size 48 Howl #buckets 8 coarsen threshold 3686 Howl Bitmap #cards 512 size 80 coarsen threshold 460 Card regions per heap region 1 cards per card region 4096
 CPUs: 8 total, 8 available
 Memory: 12010M
 Large Page Support: Disabled
 NUMA Support: Disabled
 Compressed Oops: Enabled (Zero based)
 Heap Region Size: 2M
 Heap Min Capacity: 8M
 Heap Initial Capacity: 188M
 Heap Max Capacity: 3004M
 Pre-touch: Disabled
 Parallel Workers: 8
 Concurrent Workers: 2
 Concurrent Refinement Workers: 8
 Periodic GC: Disabled
Heap:
 garbage-first heap   total 81920K, used 70815K [0x0000000744400000, 0x0000000800000000)
  region size 2048K, 16 young (32768K), 2 survivors (4096K)
 Metaspace       used 68720K, committed 69504K, reserved 1114112K
  class space    used 9450K, committed 9792K, reserved 1048576K
GC Heap History (20 events):
Event: 4.081 GC heap after
{Heap after GC invocations=4 (full 0):
 garbage-first heap   total 192512K, used 17646K [0x0000000744400000, 0x0000000800000000)
  region size 2048K, 4 young (8192K), 4 survivors (8192K)
 Metaspace       used 21177K, committed 21504K, reserved 1114112K
  class space    used 2531K, committed 2688K, reserved 1048576K
}
Event: 5.837 GC heap before
{Heap before GC invocations=5 (full 0):
 garbage-first heap   total 69632K, used 68846K [0x0000000744400000, 0x0000000800000000)
  region size 2048K, 29 young (59392K), 4 survivors (8192K)
 Metaspace       used 27899K, committed 28352K, reserved 1114112K
  class space    used 3513K, committed 3712K, reserved 1048576K
}
Event: 5.847 GC heap after
{Heap after GC invocations=6 (full 0):
 garbage-first heap   total 81920K, used 20786K [0x0000000744400000, 0x0000000800000000)
  region size 2048K, 5 young (10240K), 5 survivors (10240K)
 Metaspace       used 27899K, committed 28352K, reserved 1114112K
  class space    used 3513K, committed 3712K, reserved 1048576K
}
Event: 6.853 GC heap before
{Heap before GC invocations=6 (full 0):
 garbage-first heap   total 81920K, used 57650K [0x0000000744400000, 0x0000000800000000)
  region size 2048K, 24 young (49152K), 5 survivors (10240K)
 Metaspace       used 32528K, committed 33024K, reserved 1114112K
  class space    used 4110K, committed 4352K, reserved 1048576K
}
Event: 6.865 GC heap after
{Heap after GC invocations=7 (full 0):
 garbage-first heap   total 81920K, used 30399K [0x0000000744400000, 0x0000000800000000)
  region size 2048K, 3 young (6144K), 3 survivors (6144K)
 Metaspace       used 32528K, committed 33024K, reserved 1114112K
  class space    used 4110K, committed 4352K, reserved 1048576K
}
Event: 7.806 GC heap before
{Heap before GC invocations=7 (full 0):
 garbage-first heap   total 81920K, used 57023K [0x0000000744400000, 0x0000000800000000)
  region size 2048K, 18 young (36864K), 3 survivors (6144K)
 Metaspace       used 35456K, committed 35968K, reserved 1114112K
  class space    used 4476K, committed 4736K, reserved 1048576K
}
Event: 7.812 GC heap after
{Heap after GC invocations=8 (full 0):
 garbage-first heap   total 81920K, used 32973K [0x0000000744400000, 0x0000000800000000)
  region size 2048K, 2 young (4096K), 2 survivors (4096K)
 Metaspace       used 35456K, committed 35968K, reserved 1114112K
  class space    used 4476K, committed 4736K, reserved 1048576K
}
Event: 9.299 GC heap before
{Heap before GC invocations=9 (full 0):
 garbage-first heap   total 81920K, used 63693K [0x0000000744400000, 0x0000000800000000)
  region size 2048K, 17 young (34816K), 2 survivors (4096K)
 Metaspace       used 42579K, committed 43136K, reserved 1114112K
  class space    used 5558K, committed 5824K, reserved 1048576K
}
Event: 9.303 GC heap after
{Heap after GC invocations=10 (full 0):
 garbage-first heap   total 81920K, used 34101K [0x0000000744400000, 0x0000000800000000)
  region size 2048K, 2 young (4096K), 2 survivors (4096K)
 Metaspace       used 42579K, committed 43136K, reserved 1114112K
  class space    used 5558K, committed 5824K, reserved 1048576K
}
Event: 11.594 GC heap before
{Heap before GC invocations=10 (full 0):
 garbage-first heap   total 81920K, used 64821K [0x0000000744400000, 0x0000000800000000)
  region size 2048K, 18 young (36864K), 2 survivors (4096K)
 Metaspace       used 50349K, committed 50944K, reserved 1114112K
  class space    used 6522K, committed 6784K, reserved 1048576K
}
Event: 11.600 GC heap after
{Heap after GC invocations=11 (full 0):
 garbage-first heap   total 81920K, used 36026K [0x0000000744400000, 0x0000000800000000)
  region size 2048K, 3 young (6144K), 3 survivors (6144K)
 Metaspace       used 50349K, committed 50944K, reserved 1114112K
  class space    used 6522K, committed 6784K, reserved 1048576K
}
Event: 12.868 GC heap before
{Heap before GC invocations=11 (full 0):
 garbage-first heap   total 81920K, used 66746K [0x0000000744400000, 0x0000000800000000)
  region size 2048K, 18 young (36864K), 3 survivors (6144K)
 Metaspace       used 57649K, committed 58304K, reserved 1114112K
  class space    used 7637K, committed 7936K, reserved 1048576K
}
Event: 12.874 GC heap after
{Heap after GC invocations=12 (full 0):
 garbage-first heap   total 81920K, used 36864K [0x0000000744400000, 0x0000000800000000)
  region size 2048K, 2 young (4096K), 2 survivors (4096K)
 Metaspace       used 57649K, committed 58304K, reserved 1114112K
  class space    used 7637K, committed 7936K, reserved 1048576K
}
Event: 13.213 GC heap before
{Heap before GC invocations=12 (full 0):
 garbage-first heap   total 81920K, used 47104K [0x0000000744400000, 0x0000000800000000)
  region size 2048K, 8 young (16384K), 2 survivors (4096K)
 Metaspace       used 59521K, committed 60096K, reserved 1114112K
  class space    used 7885K, committed 8128K, reserved 1048576K
}
Event: 13.217 GC heap after
{Heap after GC invocations=13 (full 0):
 garbage-first heap   total 81920K, used 37495K [0x0000000744400000, 0x0000000800000000)
  region size 2048K, 1 young (2048K), 1 survivors (2048K)
 Metaspace       used 59521K, committed 60096K, reserved 1114112K
  class space    used 7885K, committed 8128K, reserved 1048576K
}
Event: 20.954 GC heap before
{Heap before GC invocations=14 (full 0):
 garbage-first heap   total 81920K, used 68215K [0x0000000744400000, 0x0000000800000000)
  region size 2048K, 17 young (34816K), 1 survivors (2048K)
 Metaspace       used 64626K, committed 65280K, reserved 1114112K
  class space    used 8631K, committed 8896K, reserved 1048576K
}
Event: 20.958 GC heap after
{Heap after GC invocations=15 (full 0):
 garbage-first heap   total 81920K, used 39926K [0x0000000744400000, 0x0000000800000000)
  region size 2048K, 3 young (6144K), 3 survivors (6144K)
 Metaspace       used 64626K, committed 65280K, reserved 1114112K
  class space    used 8631K, committed 8896K, reserved 1048576K
}
Event: 21.404 GC heap before
{Heap before GC invocations=15 (full 0):
 garbage-first heap   total 81920K, used 68598K [0x0000000744400000, 0x0000000800000000)
  region size 2048K, 17 young (34816K), 3 survivors (6144K)
 Metaspace       used 66896K, committed 67648K, reserved 1114112K
  class space    used 9073K, committed 9408K, reserved 1048576K
}
Event: 21.411 GC heap after
{Heap after GC invocations=16 (full 0):
 garbage-first heap   total 81920K, used 42143K [0x0000000744400000, 0x0000000800000000)
  region size 2048K, 3 young (6144K), 3 survivors (6144K)
 Metaspace       used 66896K, committed 67648K, reserved 1114112K
  class space    used 9073K, committed 9408K, reserved 1048576K
}
Event: 21.774 GC heap before
{Heap before GC invocations=16 (full 0):
 garbage-first heap   total 81920K, used 70815K [0x0000000744400000, 0x0000000800000000)
  region size 2048K, 17 young (34816K), 3 survivors (6144K)
 Metaspace       used 68720K, committed 69504K, reserved 1114112K
  class space    used 9450K, committed 9792K, reserved 1048576K
}

